2021-11-18 15:44:36,722 INFO o.a.j.u.JMeterUtils: Setting Locale to en_US
2021-11-18 15:44:36,735 INFO o.a.j.JMeter: Loading user properties from: user.properties
2021-11-18 15:44:36,739 INFO o.a.j.JMeter: Loading system properties from: system.properties
2021-11-18 15:44:36,746 INFO o.a.j.JMeter: Copyright (c) 1998-2021 The Apache Software Foundation
2021-11-18 15:44:36,746 INFO o.a.j.JMeter: Version 5.4.1
2021-11-18 15:44:36,746 INFO o.a.j.JMeter: java.version=1.8.0_281
2021-11-18 15:44:36,746 INFO o.a.j.JMeter: java.vm.name=Java HotSpot(TM) 64-Bit Server VM
2021-11-18 15:44:36,746 INFO o.a.j.JMeter: os.name=Windows 10
2021-11-18 15:44:36,746 INFO o.a.j.JMeter: os.arch=amd64
2021-11-18 15:44:36,746 INFO o.a.j.JMeter: os.version=10.0
2021-11-18 15:44:36,746 INFO o.a.j.JMeter: file.encoding=Cp1252
2021-11-18 15:44:36,746 INFO o.a.j.JMeter: java.awt.headless=null
2021-11-18 15:44:36,746 INFO o.a.j.JMeter: Max memory     =7551844352
2021-11-18 15:44:36,747 INFO o.a.j.JMeter: Available Processors =12
2021-11-18 15:44:36,750 INFO o.a.j.JMeter: Default Locale=English (United States)
2021-11-18 15:44:36,750 INFO o.a.j.JMeter: JMeter  Locale=English (United States)
2021-11-18 15:44:36,750 INFO o.a.j.JMeter: JMeterHome=C:\Tools\apache-jmeter-5.4.1
2021-11-18 15:44:36,750 INFO o.a.j.JMeter: user.dir  =C:\Tools\apache-jmeter-5.4.1\bin
2021-11-18 15:44:36,750 INFO o.a.j.JMeter: PWD       =C:\Tools\apache-jmeter-5.4.1\bin
2021-11-18 15:44:36,751 INFO o.a.j.JMeter: IP: 192.168.1.153 Name: DESKTOP-VNOG7NT FullName: DESKTOP-VNOG7NT.LGE.NET
2021-11-18 15:44:36,851 INFO o.a.j.JMeter: Setting LAF to: laf:com.sun.java.swing.plaf.windows.WindowsLookAndFeel
2021-11-18 15:44:36,952 INFO o.a.j.JMeter: Loaded icon properties from org/apache/jmeter/images/icon.properties
2021-11-18 15:44:39,229 WARN o.j.r.PluginManager: Found JAR conflict: C:\Tools\apache-jmeter-5.4.1\lib\ext\checker-qual-3.12.0.jar and C:\Tools\apache-jmeter-5.4.1\lib\checker-qual-3.8.0.jar
2021-11-18 15:44:39,230 WARN o.j.r.PluginManager: Found JAR conflict: C:\Tools\apache-jmeter-5.4.1\lib\ext\error_prone_annotations-2.7.1.jar and C:\Tools\apache-jmeter-5.4.1\lib\error_prone_annotations-2.4.0.jar
2021-11-18 15:44:39,230 WARN o.j.r.PluginManager: Found JAR conflict: C:\Tools\apache-jmeter-5.4.1\lib\ext\reactive-streams-1.0.3.jar and C:\Tools\apache-jmeter-5.4.1\lib\reactive-streams-1.0.3.jar
2021-11-18 15:44:39,230 WARN o.j.r.PluginManager: Found JAR conflict: C:\Tools\apache-jmeter-5.4.1\lib\ext\slf4j-api-1.7.32.jar and C:\Tools\apache-jmeter-5.4.1\lib\slf4j-api-1.7.30.jar
2021-11-18 15:44:39,599 INFO o.j.r.JARSourceHTTP: Requesting https://jmeter-plugins.org/repo/?installID=windows_10-0a9f981793ee3e0737b46d63d4cbf799-gui
2021-11-18 15:44:40,976 INFO o.j.r.PluginManager: Plugins Status: [jpgc-casutg=2.9, jpgc-plugins-manager=1.6, jpgc-webdriver=3.3, jmeter-core=5.4.1, jmeter-ftp=5.4.1, jmeter-http=5.4.1, jmeter-jdbc=5.4.1, jmeter-jms=5.4.1, jmeter-junit=5.4.1, jmeter-java=5.4.1, jmeter-ldap=5.4.1, jmeter-mail=5.4.1, jmeter-mongodb=5.4.1, jmeter-native=5.4.1, jmeter-tcp=5.4.1, jmeter-components=5.4.1]
2021-11-18 15:44:40,977 INFO o.j.r.PluginManagerMenuItem: Plugins Manager has upgrades: [jpgc-casutg]
2021-11-18 15:45:21,029 INFO o.a.j.s.FileServer: Default base='C:\Tools\apache-jmeter-5.4.1\bin'
2021-11-18 15:45:21,031 INFO o.a.j.g.a.Load: Loading file: C:\Tools\apache-jmeter-5.4.1\test\LG_STG_FINAL.jmx
2021-11-18 15:45:21,031 INFO o.a.j.s.FileServer: Set new base='C:\Tools\apache-jmeter-5.4.1\test'
2021-11-18 15:45:21,130 INFO o.a.j.s.SaveService: Testplan (JMX) version: 2.2. Testlog (JTL) version: 2.2
2021-11-18 15:45:21,138 INFO o.a.j.s.SaveService: Using SaveService properties file encoding UTF-8
2021-11-18 15:45:21,139 INFO o.a.j.s.SaveService: Using SaveService properties version 5.0
2021-11-18 15:45:21,141 INFO o.a.j.s.SaveService: Loading file: C:\Tools\apache-jmeter-5.4.1\test\LG_STG_FINAL.jmx
2021-11-18 15:45:21,265 INFO o.a.j.s.SampleResult: Note: Sample TimeStamps are START times
2021-11-18 15:45:21,265 INFO o.a.j.s.SampleResult: sampleresult.default.encoding is set to ISO-8859-1
2021-11-18 15:45:21,265 INFO o.a.j.s.SampleResult: sampleresult.useNanoTime=true
2021-11-18 15:45:21,265 INFO o.a.j.s.SampleResult: sampleresult.nanoThreadSleep=5000
2021-11-18 15:45:21,663 INFO o.a.j.s.FileServer: Set new base='C:\Tools\apache-jmeter-5.4.1\test'
2021-11-18 15:45:40,974 INFO o.a.j.e.StandardJMeterEngine: Running the test!
2021-11-18 15:45:40,974 INFO o.a.j.s.SampleEvent: List of sample_variables: []
2021-11-18 15:45:40,974 INFO o.a.j.s.SampleEvent: List of sample_variables: []
2021-11-18 15:45:40,975 INFO o.a.j.e.u.CompoundVariable: Note: Function class names must contain the string: '.functions.'
2021-11-18 15:45:40,975 INFO o.a.j.e.u.CompoundVariable: Note: Function class names must not contain the string: '.gui.'
2021-11-18 15:45:41,207 INFO o.a.j.g.u.JMeterMenuBar: setRunning(true, *local*)
2021-11-18 15:45:41,328 INFO o.a.j.e.StandardJMeterEngine: Starting ThreadGroup: 1 : LG-STG
2021-11-18 15:45:41,328 INFO o.a.j.e.StandardJMeterEngine: Starting 1 threads for group LG-STG.
2021-11-18 15:45:41,328 INFO o.a.j.e.StandardJMeterEngine: Thread will continue on error
2021-11-18 15:45:41,328 INFO o.a.j.t.ThreadGroup: Starting thread group... number=1 threads=1 ramp-up=1 delayedStart=false
2021-11-18 15:45:41,333 INFO o.a.j.t.ThreadGroup: Started thread group number 1
2021-11-18 15:45:41,333 INFO o.a.j.e.StandardJMeterEngine: All thread groups have been started
2021-11-18 15:45:41,334 INFO o.a.j.t.JMeterThread: Thread started: LG-STG 1-1
2021-11-18 15:45:43,165 ERROR o.a.j.t.JMeterThread: Error calling threadStarted
org.openqa.selenium.SessionNotCreatedException: Could not start a new session. Response code 500. Message: session not created: This version of ChromeDriver only supports Chrome version 94
Current browser version is 96.0.4664.45 with binary path C:\Program Files\Google\Chrome\Application\chrome.exe
Build info: version: '4.0.0', revision: '3a21814679'
System info: host: 'DESKTOP-VNOG7NT', ip: '192.168.1.153', os.name: 'Windows 10', os.arch: 'amd64', os.version: '10.0', java.version: '1.8.0_281'
Driver info: org.openqa.selenium.chrome.ChromeDriver
Command: [null, newSession {capabilities=[Capabilities {acceptInsecureCerts: true, goog:loggingPrefs: org.openqa.selenium.logging..., proxy: {proxyType: system}}], desiredCapabilities=Capabilities {acceptInsecureCerts: true, loggingPrefs: org.openqa.selenium.logging..., proxy: Proxy(system)}}]
	at org.openqa.selenium.remote.ProtocolHandshake.createSession(ProtocolHandshake.java:126) ~[selenium-remote-driver-4.0.0.jar:?]
	at org.openqa.selenium.remote.ProtocolHandshake.createSession(ProtocolHandshake.java:84) ~[selenium-remote-driver-4.0.0.jar:?]
	at org.openqa.selenium.remote.ProtocolHandshake.createSession(ProtocolHandshake.java:62) ~[selenium-remote-driver-4.0.0.jar:?]
	at org.openqa.selenium.remote.HttpCommandExecutor.execute(HttpCommandExecutor.java:156) ~[selenium-remote-driver-4.0.0.jar:?]
	at org.openqa.selenium.remote.service.DriverCommandExecutor.invokeExecute(DriverCommandExecutor.java:164) ~[selenium-remote-driver-4.0.0.jar:?]
	at org.openqa.selenium.remote.service.DriverCommandExecutor.execute(DriverCommandExecutor.java:139) ~[selenium-remote-driver-4.0.0.jar:?]
	at org.openqa.selenium.remote.RemoteWebDriver.execute(RemoteWebDriver.java:559) ~[selenium-remote-driver-4.0.0.jar:?]
	at org.openqa.selenium.remote.RemoteWebDriver.startSession(RemoteWebDriver.java:246) ~[selenium-remote-driver-4.0.0.jar:?]
	at org.openqa.selenium.remote.RemoteWebDriver.<init>(RemoteWebDriver.java:168) ~[selenium-remote-driver-4.0.0.jar:?]
	at org.openqa.selenium.chromium.ChromiumDriver.<init>(ChromiumDriver.java:108) ~[selenium-chromium-driver-4.0.0.jar:?]
	at org.openqa.selenium.chrome.ChromeDriver.<init>(ChromeDriver.java:104) ~[selenium-chrome-driver-4.0.0.jar:?]
	at com.googlecode.jmeter.plugins.webdriver.config.ChromeDriverConfig.createBrowser(ChromeDriverConfig.java:83) ~[jmeter-plugins-webdriver-3.3.jar:?]
	at com.googlecode.jmeter.plugins.webdriver.config.ChromeDriverConfig.createBrowser(ChromeDriverConfig.java:21) ~[jmeter-plugins-webdriver-3.3.jar:?]
	at com.googlecode.jmeter.plugins.webdriver.config.WebDriverConfig.getPreparedBrowser(WebDriverConfig.java:234) ~[jmeter-plugins-webdriver-3.3.jar:?]
	at com.googlecode.jmeter.plugins.webdriver.config.WebDriverConfig.threadStarted(WebDriverConfig.java:221) ~[jmeter-plugins-webdriver-3.3.jar:?]
	at org.apache.jmeter.threads.JMeterThread$ThreadListenerTraverser.addNode(JMeterThread.java:784) [ApacheJMeter_core.jar:5.4.1]
	at org.apache.jorphan.collections.HashTree.traverseInto(HashTree.java:993) [jorphan.jar:5.4.1]
	at org.apache.jorphan.collections.HashTree.traverse(HashTree.java:976) [jorphan.jar:5.4.1]
	at org.apache.jmeter.threads.JMeterThread.threadStarted(JMeterThread.java:752) [ApacheJMeter_core.jar:5.4.1]
	at org.apache.jmeter.threads.JMeterThread.initRun(JMeterThread.java:740) [ApacheJMeter_core.jar:5.4.1]
	at org.apache.jmeter.threads.JMeterThread.run(JMeterThread.java:252) [ApacheJMeter_core.jar:5.4.1]
	at java.lang.Thread.run(Unknown Source) [?:1.8.0_281]
2021-11-18 15:45:43,173 ERROR o.a.j.t.JMeterThread: Error while processing sampler: 'Welcome Page'.
java.lang.IllegalArgumentException: Browser has not been configured.  Please ensure at least 1 WebDriverConfig is created for a ThreadGroup.
	at com.googlecode.jmeter.plugins.webdriver.sampler.WebDriverSampler.sample(WebDriverSampler.java:62) ~[jmeter-plugins-webdriver-3.3.jar:?]
	at org.apache.jmeter.threads.JMeterThread.doSampling(JMeterThread.java:638) ~[ApacheJMeter_core.jar:5.4.1]
	at org.apache.jmeter.threads.JMeterThread.executeSamplePackage(JMeterThread.java:558) ~[ApacheJMeter_core.jar:5.4.1]
	at org.apache.jmeter.threads.JMeterThread.processSampler(JMeterThread.java:489) [ApacheJMeter_core.jar:5.4.1]
	at org.apache.jmeter.threads.JMeterThread.run(JMeterThread.java:256) [ApacheJMeter_core.jar:5.4.1]
	at java.lang.Thread.run(Unknown Source) [?:1.8.0_281]
2021-11-18 15:45:43,174 ERROR o.a.j.t.JMeterThread: Error while processing sampler: 'Staging Login'.
java.lang.IllegalArgumentException: Browser has not been configured.  Please ensure at least 1 WebDriverConfig is created for a ThreadGroup.
	at com.googlecode.jmeter.plugins.webdriver.sampler.WebDriverSampler.sample(WebDriverSampler.java:62) ~[jmeter-plugins-webdriver-3.3.jar:?]
	at org.apache.jmeter.threads.JMeterThread.doSampling(JMeterThread.java:638) ~[ApacheJMeter_core.jar:5.4.1]
	at org.apache.jmeter.threads.JMeterThread.executeSamplePackage(JMeterThread.java:558) ~[ApacheJMeter_core.jar:5.4.1]
	at org.apache.jmeter.threads.JMeterThread.processSampler(JMeterThread.java:489) [ApacheJMeter_core.jar:5.4.1]
	at org.apache.jmeter.threads.JMeterThread.run(JMeterThread.java:256) [ApacheJMeter_core.jar:5.4.1]
	at java.lang.Thread.run(Unknown Source) [?:1.8.0_281]
2021-11-18 15:45:43,174 ERROR o.a.j.t.JMeterThread: Error while processing sampler: 'Non Innovel Product Search'.
java.lang.IllegalArgumentException: Browser has not been configured.  Please ensure at least 1 WebDriverConfig is created for a ThreadGroup.
	at com.googlecode.jmeter.plugins.webdriver.sampler.WebDriverSampler.sample(WebDriverSampler.java:62) ~[jmeter-plugins-webdriver-3.3.jar:?]
	at org.apache.jmeter.threads.JMeterThread.doSampling(JMeterThread.java:638) ~[ApacheJMeter_core.jar:5.4.1]
	at org.apache.jmeter.threads.JMeterThread.executeSamplePackage(JMeterThread.java:558) ~[ApacheJMeter_core.jar:5.4.1]
	at org.apache.jmeter.threads.JMeterThread.processSampler(JMeterThread.java:489) [ApacheJMeter_core.jar:5.4.1]
	at org.apache.jmeter.threads.JMeterThread.run(JMeterThread.java:256) [ApacheJMeter_core.jar:5.4.1]
	at java.lang.Thread.run(Unknown Source) [?:1.8.0_281]
2021-11-18 15:45:43,174 ERROR o.a.j.t.JMeterThread: Error while processing sampler: 'Non Innovel Search Results Page'.
java.lang.IllegalArgumentException: Browser has not been configured.  Please ensure at least 1 WebDriverConfig is created for a ThreadGroup.
	at com.googlecode.jmeter.plugins.webdriver.sampler.WebDriverSampler.sample(WebDriverSampler.java:62) ~[jmeter-plugins-webdriver-3.3.jar:?]
	at org.apache.jmeter.threads.JMeterThread.doSampling(JMeterThread.java:638) ~[ApacheJMeter_core.jar:5.4.1]
	at org.apache.jmeter.threads.JMeterThread.executeSamplePackage(JMeterThread.java:558) ~[ApacheJMeter_core.jar:5.4.1]
	at org.apache.jmeter.threads.JMeterThread.processSampler(JMeterThread.java:489) [ApacheJMeter_core.jar:5.4.1]
	at org.apache.jmeter.threads.JMeterThread.run(JMeterThread.java:256) [ApacheJMeter_core.jar:5.4.1]
	at java.lang.Thread.run(Unknown Source) [?:1.8.0_281]
2021-11-18 15:45:43,175 ERROR o.a.j.t.JMeterThread: Error while processing sampler: 'Non Innovel Add to Cart'.
java.lang.IllegalArgumentException: Browser has not been configured.  Please ensure at least 1 WebDriverConfig is created for a ThreadGroup.
	at com.googlecode.jmeter.plugins.webdriver.sampler.WebDriverSampler.sample(WebDriverSampler.java:62) ~[jmeter-plugins-webdriver-3.3.jar:?]
	at org.apache.jmeter.threads.JMeterThread.doSampling(JMeterThread.java:638) ~[ApacheJMeter_core.jar:5.4.1]
	at org.apache.jmeter.threads.JMeterThread.executeSamplePackage(JMeterThread.java:558) ~[ApacheJMeter_core.jar:5.4.1]
	at org.apache.jmeter.threads.JMeterThread.processSampler(JMeterThread.java:489) [ApacheJMeter_core.jar:5.4.1]
	at org.apache.jmeter.threads.JMeterThread.run(JMeterThread.java:256) [ApacheJMeter_core.jar:5.4.1]
	at java.lang.Thread.run(Unknown Source) [?:1.8.0_281]
2021-11-18 15:45:43,175 ERROR o.a.j.t.JMeterThread: Error while processing sampler: 'Non Innovel Sign in'.
java.lang.IllegalArgumentException: Browser has not been configured.  Please ensure at least 1 WebDriverConfig is created for a ThreadGroup.
	at com.googlecode.jmeter.plugins.webdriver.sampler.WebDriverSampler.sample(WebDriverSampler.java:62) ~[jmeter-plugins-webdriver-3.3.jar:?]
	at org.apache.jmeter.threads.JMeterThread.doSampling(JMeterThread.java:638) ~[ApacheJMeter_core.jar:5.4.1]
	at org.apache.jmeter.threads.JMeterThread.executeSamplePackage(JMeterThread.java:558) ~[ApacheJMeter_core.jar:5.4.1]
	at org.apache.jmeter.threads.JMeterThread.processSampler(JMeterThread.java:489) [ApacheJMeter_core.jar:5.4.1]
	at org.apache.jmeter.threads.JMeterThread.run(JMeterThread.java:256) [ApacheJMeter_core.jar:5.4.1]
	at java.lang.Thread.run(Unknown Source) [?:1.8.0_281]
2021-11-18 15:45:43,175 ERROR o.a.j.t.JMeterThread: Error while processing sampler: 'Non Innovel Checkout Shipping'.
java.lang.IllegalArgumentException: Browser has not been configured.  Please ensure at least 1 WebDriverConfig is created for a ThreadGroup.
	at com.googlecode.jmeter.plugins.webdriver.sampler.WebDriverSampler.sample(WebDriverSampler.java:62) ~[jmeter-plugins-webdriver-3.3.jar:?]
	at org.apache.jmeter.threads.JMeterThread.doSampling(JMeterThread.java:638) ~[ApacheJMeter_core.jar:5.4.1]
	at org.apache.jmeter.threads.JMeterThread.executeSamplePackage(JMeterThread.java:558) ~[ApacheJMeter_core.jar:5.4.1]
	at org.apache.jmeter.threads.JMeterThread.processSampler(JMeterThread.java:489) [ApacheJMeter_core.jar:5.4.1]
	at org.apache.jmeter.threads.JMeterThread.run(JMeterThread.java:256) [ApacheJMeter_core.jar:5.4.1]
	at java.lang.Thread.run(Unknown Source) [?:1.8.0_281]
2021-11-18 15:45:43,175 ERROR o.a.j.t.JMeterThread: Error while processing sampler: 'Non Innovel Payment & Billing'.
java.lang.IllegalArgumentException: Browser has not been configured.  Please ensure at least 1 WebDriverConfig is created for a ThreadGroup.
	at com.googlecode.jmeter.plugins.webdriver.sampler.WebDriverSampler.sample(WebDriverSampler.java:62) ~[jmeter-plugins-webdriver-3.3.jar:?]
	at org.apache.jmeter.threads.JMeterThread.doSampling(JMeterThread.java:638) ~[ApacheJMeter_core.jar:5.4.1]
	at org.apache.jmeter.threads.JMeterThread.executeSamplePackage(JMeterThread.java:558) ~[ApacheJMeter_core.jar:5.4.1]
	at org.apache.jmeter.threads.JMeterThread.processSampler(JMeterThread.java:489) [ApacheJMeter_core.jar:5.4.1]
	at org.apache.jmeter.threads.JMeterThread.run(JMeterThread.java:256) [ApacheJMeter_core.jar:5.4.1]
	at java.lang.Thread.run(Unknown Source) [?:1.8.0_281]
2021-11-18 15:45:43,176 ERROR o.a.j.t.JMeterThread: Error while processing sampler: 'Non Innovel Review & Place Order'.
java.lang.IllegalArgumentException: Browser has not been configured.  Please ensure at least 1 WebDriverConfig is created for a ThreadGroup.
	at com.googlecode.jmeter.plugins.webdriver.sampler.WebDriverSampler.sample(WebDriverSampler.java:62) ~[jmeter-plugins-webdriver-3.3.jar:?]
	at org.apache.jmeter.threads.JMeterThread.doSampling(JMeterThread.java:638) ~[ApacheJMeter_core.jar:5.4.1]
	at org.apache.jmeter.threads.JMeterThread.executeSamplePackage(JMeterThread.java:558) ~[ApacheJMeter_core.jar:5.4.1]
	at org.apache.jmeter.threads.JMeterThread.processSampler(JMeterThread.java:489) [ApacheJMeter_core.jar:5.4.1]
	at org.apache.jmeter.threads.JMeterThread.run(JMeterThread.java:256) [ApacheJMeter_core.jar:5.4.1]
	at java.lang.Thread.run(Unknown Source) [?:1.8.0_281]
2021-11-18 15:45:43,178 INFO o.a.j.t.JMeterThread: Thread is done: LG-STG 1-1
2021-11-18 15:45:43,178 INFO o.a.j.t.JMeterThread: Thread finished: LG-STG 1-1
2021-11-18 15:45:43,720 INFO o.a.j.e.StandardJMeterEngine: Notifying test listeners of end of test
2021-11-18 15:45:43,720 INFO o.a.j.g.u.JMeterMenuBar: setRunning(false, *local*)
2021-11-18 15:47:18,464 INFO o.a.j.e.StandardJMeterEngine: Running the test!
2021-11-18 15:47:18,464 INFO o.a.j.s.SampleEvent: List of sample_variables: []
2021-11-18 15:47:18,464 INFO o.a.j.g.u.JMeterMenuBar: setRunning(true, *local*)
2021-11-18 15:47:18,580 INFO o.a.j.e.StandardJMeterEngine: Starting ThreadGroup: 1 : LG-STG
2021-11-18 15:47:18,580 INFO o.a.j.e.StandardJMeterEngine: Starting 1 threads for group LG-STG.
2021-11-18 15:47:18,580 INFO o.a.j.e.StandardJMeterEngine: Thread will continue on error
2021-11-18 15:47:18,580 INFO o.a.j.t.ThreadGroup: Starting thread group... number=1 threads=1 ramp-up=1 delayedStart=false
2021-11-18 15:47:18,580 INFO o.a.j.t.ThreadGroup: Started thread group number 1
2021-11-18 15:47:18,580 INFO o.a.j.e.StandardJMeterEngine: All thread groups have been started
2021-11-18 15:47:18,580 INFO o.a.j.t.JMeterThread: Thread started: LG-STG 1-1
2021-11-18 15:47:20,045 INFO c.g.j.p.w.s.WebDriverSampler: Sample started
2021-11-18 15:47:21,261 INFO c.g.j.p.w.s.WebDriverSampler: Sample ended - navigated to https://wwwstg.us.lg.com/us
2021-11-18 15:47:21,301 INFO c.g.j.p.w.s.WebDriverSampler: 1
2021-11-18 15:47:21,378 INFO c.g.j.p.w.s.WebDriverSampler: Enter UserName
2021-11-18 15:47:21,425 INFO c.g.j.p.w.s.WebDriverSampler: Enter password
2021-11-18 15:47:21,777 INFO c.g.j.p.w.s.WebDriverSampler: This is an additional login authentication procedure to reinforce LG.com CMS access security policy.
2021-11-18 15:47:24,542 INFO c.g.j.p.w.s.WebDriverSampler: Logged in Successfully to Staging Server
2021-11-18 15:47:24,542 INFO c.g.j.p.w.s.WebDriverSampler: Sample ended - navigating to https://wwwstg.us.lg.com/us
2021-11-18 15:47:27,571 INFO c.g.j.p.w.s.WebDriverSampler: Product Hunted
2021-11-18 15:47:28,023 INFO c.g.j.p.w.s.WebDriverSampler: undefined
2021-11-18 15:47:28,024 INFO c.g.j.p.w.s.WebDriverSampler: Added To Cart
2021-11-18 15:47:34,933 INFO c.g.j.p.w.s.WebDriverSampler: Proceeding to Login for User Or Guest User
2021-11-18 15:47:37,947 INFO c.g.j.p.w.s.WebDriverSampler: Proceed to Checkout
2021-11-18 15:47:39,927 INFO c.g.j.p.w.s.WebDriverSampler: Customer Email Box Found
2021-11-18 15:47:39,927 INFO c.g.j.p.w.s.WebDriverSampler: Customer Email Box Found Clicked
2021-11-18 15:47:40,021 INFO c.g.j.p.w.s.WebDriverSampler: Customer Email Box keys sent
2021-11-18 15:47:42,016 INFO c.g.j.p.w.s.WebDriverSampler: Address Verified
2021-11-18 15:47:42,644 INFO c.g.j.p.w.s.WebDriverSampler: Proceed to Payment
2021-11-18 15:47:48,406 INFO c.g.j.p.w.s.WebDriverSampler: Loader Disappeared
2021-11-18 15:47:49,894 INFO c.g.j.p.w.s.WebDriverSampler: Credit Card Details Provided, Proceeding for Review
2021-11-18 15:48:39,650 INFO c.g.j.p.w.s.WebDriverSampler: Product Order Completed Successfully
2021-11-18 15:48:39,677 INFO o.a.j.t.JMeterThread: Thread is done: LG-STG 1-1
2021-11-18 15:48:39,677 INFO o.a.j.t.JMeterThread: Thread finished: LG-STG 1-1
2021-11-18 15:48:40,387 INFO o.a.j.e.StandardJMeterEngine: Notifying test listeners of end of test
2021-11-18 15:48:40,387 INFO o.a.j.g.u.JMeterMenuBar: setRunning(false, *local*)
